<html>
<head>
<title>TestNG:  Regression 1</title>
<link href="../testng.css" rel="stylesheet" type="text/css" />
<link href="../my-testng.css" rel="stylesheet" type="text/css" />

<style type="text/css">
.log { display: none;} 
.stack-trace { display: none;} 
</style>
<script type="text/javascript">
<!--
function flip(e) {
  current = e.style.display;
  if (current == 'block') {
    e.style.display = 'none';
    return 0;
  }
  else {
    e.style.display = 'block';
    return 1;
  }
}

function toggleBox(szDivId, elem, msg1, msg2)
{
  var res = -1;  if (document.getElementById) {
    res = flip(document.getElementById(szDivId));
  }
  else if (document.all) {
    // this is the way old msie versions work
    res = flip(document.all[szDivId]);
  }
  if(elem) {
    if(res == 0) elem.innerHTML = msg1; else elem.innerHTML = msg2;
  }

}

function toggleAllBoxes() {
  if (document.getElementsByTagName) {
    d = document.getElementsByTagName('div');
    for (i = 0; i < d.length; i++) {
      if (d[i].className == 'log') {
        flip(d[i]);
      }
    }
  }
}

// -->
</script>

</head>
<body>
<h2 align='center'>Regression 1</h2><table border='1' align="center">
<tr>
<td>Tests passed/Failed/Skipped:</td><td>3/0/2</td>
</tr><tr>
<td>Started on:</td><td>Tue Nov 29 11:23:46 EST 2016</td>
</tr>
<tr><td>Total time:</td><td>387 seconds (387368 ms)</td>
</tr><tr>
<td>Included groups:</td><td></td>
</tr><tr>
<td>Excluded groups:</td><td></td>
</tr>
</table><p/>
<small><i>(Hover the method name to see the test class name)</i></small><p/>
<table width='100%' border='1' class='invocation-passed'>
<tr><td colspan='4' align='center'><b>PASSED TESTS</b></td></tr>
<tr><td><b>Test method</b></td>
<td width="30%"><b>Exception</b></td>
<td width="10%"><b>Time (seconds)</b></td>
<td><b>Instance</b></td>
</tr>
<tr>
<td title='com.napa.online.testcases.GuestUserROLTest.Guest_Select_Part_MMTE_Veh_Store_Header_ROL_Order()'><b>Guest_Select_Part_MMTE_Veh_Store_Header_ROL_Order</b><br>Test class: com.napa.online.testcases.GuestUserROLTest<br>Parameters: {TestDesc=Guest customer- select part through megamenu-Tools&Equipment-selects vehicle and store from header and place a ROL order , Store Address=2745 Sandy Plains Rd Ste 112
Marietta, GA 30066, Buying Option=PICKUP IN STORE, Before Price=product not on sale, Part Number=SCC 4500350, Core Price=$0.00 /Foot, ProductNamePLP=Aircraft Cable 6 x 19, Tax=$0.12, Total=$2.06, ProductNamePU=Aircraft Cable 6 x 19, Price=, VehicleYear=2016, Pickup Location=NAPA Auto Parts
Genuine Parts Company
2745 Sandy Plains Rd Ste 112
Marietta, GA 30066
(770) 578-6991
Get Directions
Store Hours
Mon-Fri:7:00 AM-8:00 PM
Sat:8:00 AM-5:00 PM
Sun:9:00 AM-5:00 PM, OrderNumber=ORDER NUMBER:11402802, StoreZip=30066, Qty=1, ProductName=Aircraft Cable 6 x 19, Pickup Person=PICKUP BY:
Auto_John Doe
Fri_Nov_25_13_53_22_EST_2016@gmail.com
(678) 852-0757, BOL Order Subtotal=$0.00, ROL Order Subtotal=$2.06, PartNumber=SCC 4500350, ProductNameCart=Aircraft Cable 6 x 19, StoreAddress=2745 Sandy Plains Rd, Runmode=Yes, Test Result=PASS, VehicleModel=Focus, Discount=-$0.23, Order Final Total=$2.18, VehicleMake=Ford, Order Subtotal=$2.06, You Saved=$0.23, Fulfillment Type=Reserve Online Order Details, Unit Price=$2.29 /Foot, Quantity=1, Subtotal=$2.29, Browser=IE}</td>
<td></td>
<td>317</td>
<td>com.napa.online.testcases.GuestUserROLTest@659a969b</td></tr>
<tr>
<td title='com.napa.online.testcases.LoginTest.doLogin()'><b>doLogin</b><br>Test class: com.napa.online.testcases.LoginTest<br>Parameters: {UserFullName=Prabhakar  Automation, Username=prabhakar.automation@gmail.com, ExpectedResult=Successful, TestType=Positive, Password=napa@Auto77, Runmode=Yes, TestDesc=Login Test(Positive)-Valid User Name and Password, Browser=Chrome}</td>
<td></td>
<td>46</td>
<td>com.napa.online.testcases.LoginTest@6af93788</td></tr>
<tr>
<td title='com.napa.online.testcases.SearchProductTest.testSearchProduct()'><b>testSearchProduct</b><br>Test class: com.napa.online.testcases.SearchProductTest<br>Parameters: {Product=Engine Oil, Runmode=Yes, TestDesc=Search Engine Oil Test, Browser=Firefox}</td>
<td></td>
<td>18</td>
<td>com.napa.online.testcases.SearchProductTest@1d119efb</td></tr>
</table><p>
<table width='100%' border='1' class='invocation-skipped'>
<tr><td colspan='4' align='center'><b>SKIPPED TESTS</b></td></tr>
<tr><td><b>Test method</b></td>
<td width="30%"><b>Exception</b></td>
<td width="10%"><b>Time (seconds)</b></td>
<td><b>Instance</b></td>
</tr>
<tr>
<td title='com.napa.online.testcases.LoginTest.doLogin()'><b>doLogin</b><br>Test class: com.napa.online.testcases.LoginTest<br>Parameters: {UserFullName=, Username=chiduruppa@gmail.com, ExpectedResult=Unsuccessful, TestType=Negative, Password=abcdef, Runmode=No, TestDesc=Login Test(Negative)- Invalid Username & Password, Browser=Firefox}</td>
<td><div><pre>org.testng.SkipException: Skipping the test as Runmode is No
	at com.napa.online.testcases.LoginTest.doLogin(LoginTest.java:47)
... Removed 24 stack frames</pre></div><a href='#' onClick='toggleBox("stack-trace882646447", this, "Click to show all stack frames", "Click to hide stack frames")'>Click to show all stack frames</a>
<div class='stack-trace' id='stack-trace882646447'><pre>org.testng.SkipException: Skipping the test as Runmode is No
	at com.napa.online.testcases.LoginTest.doLogin(LoginTest.java:47)
	at sun.reflect.NativeMethodAccessorImpl.invoke0(Native Method)
	at sun.reflect.NativeMethodAccessorImpl.invoke(Unknown Source)
	at sun.reflect.DelegatingMethodAccessorImpl.invoke(Unknown Source)
	at java.lang.reflect.Method.invoke(Unknown Source)
	at org.testng.internal.MethodInvocationHelper.invokeMethod(MethodInvocationHelper.java:85)
	at org.testng.internal.Invoker.invokeMethod(Invoker.java:639)
	at org.testng.internal.Invoker.invokeTestMethod(Invoker.java:821)
	at org.testng.internal.Invoker.invokeTestMethods(Invoker.java:1131)
	at org.testng.internal.TestMethodWorker.invokeTestMethods(TestMethodWorker.java:124)
	at org.testng.internal.TestMethodWorker.run(TestMethodWorker.java:108)
	at org.testng.TestRunner.privateRun(TestRunner.java:773)
	at org.testng.TestRunner.run(TestRunner.java:623)
	at org.testng.SuiteRunner.runTest(SuiteRunner.java:357)
	at org.testng.SuiteRunner.runSequentially(SuiteRunner.java:352)
	at org.testng.SuiteRunner.privateRun(SuiteRunner.java:310)
	at org.testng.SuiteRunner.run(SuiteRunner.java:259)
	at org.testng.SuiteRunnerWorker.runSuite(SuiteRunnerWorker.java:52)
	at org.testng.SuiteRunnerWorker.run(SuiteRunnerWorker.java:86)
	at org.testng.TestNG.runSuitesSequentially(TestNG.java:1185)
	at org.testng.TestNG.runSuitesLocally(TestNG.java:1110)
	at org.testng.TestNG.run(TestNG.java:1018)
	at org.testng.remote.AbstractRemoteTestNG.run(AbstractRemoteTestNG.java:132)
	at org.testng.remote.RemoteTestNG.initAndRun(RemoteTestNG.java:236)
	at org.testng.remote.RemoteTestNG.main(RemoteTestNG.java:81)
</pre></div></td>
<td>0</td>
<td>com.napa.online.testcases.LoginTest@6af93788</td></tr>
<tr>
<td title='com.napa.online.testcases.SearchProductTest.testSearchProduct()'><b>testSearchProduct</b><br>Test class: com.napa.online.testcases.SearchProductTest<br>Parameters: {Product=brake pads, Runmode=No, TestDesc=Search brake pads Test, Browser=IE}</td>
<td><div><pre>org.testng.SkipException: Skipping the test as Runmode is No
	at com.napa.online.testcases.SearchProductTest.testSearchProduct(SearchProductTest.java:44)
... Removed 24 stack frames</pre></div><a href='#' onClick='toggleBox("stack-trace1514214932", this, "Click to show all stack frames", "Click to hide stack frames")'>Click to show all stack frames</a>
<div class='stack-trace' id='stack-trace1514214932'><pre>org.testng.SkipException: Skipping the test as Runmode is No
	at com.napa.online.testcases.SearchProductTest.testSearchProduct(SearchProductTest.java:44)
	at sun.reflect.NativeMethodAccessorImpl.invoke0(Native Method)
	at sun.reflect.NativeMethodAccessorImpl.invoke(Unknown Source)
	at sun.reflect.DelegatingMethodAccessorImpl.invoke(Unknown Source)
	at java.lang.reflect.Method.invoke(Unknown Source)
	at org.testng.internal.MethodInvocationHelper.invokeMethod(MethodInvocationHelper.java:85)
	at org.testng.internal.Invoker.invokeMethod(Invoker.java:639)
	at org.testng.internal.Invoker.invokeTestMethod(Invoker.java:821)
	at org.testng.internal.Invoker.invokeTestMethods(Invoker.java:1131)
	at org.testng.internal.TestMethodWorker.invokeTestMethods(TestMethodWorker.java:124)
	at org.testng.internal.TestMethodWorker.run(TestMethodWorker.java:108)
	at org.testng.TestRunner.privateRun(TestRunner.java:773)
	at org.testng.TestRunner.run(TestRunner.java:623)
	at org.testng.SuiteRunner.runTest(SuiteRunner.java:357)
	at org.testng.SuiteRunner.runSequentially(SuiteRunner.java:352)
	at org.testng.SuiteRunner.privateRun(SuiteRunner.java:310)
	at org.testng.SuiteRunner.run(SuiteRunner.java:259)
	at org.testng.SuiteRunnerWorker.runSuite(SuiteRunnerWorker.java:52)
	at org.testng.SuiteRunnerWorker.run(SuiteRunnerWorker.java:86)
	at org.testng.TestNG.runSuitesSequentially(TestNG.java:1185)
	at org.testng.TestNG.runSuitesLocally(TestNG.java:1110)
	at org.testng.TestNG.run(TestNG.java:1018)
	at org.testng.remote.AbstractRemoteTestNG.run(AbstractRemoteTestNG.java:132)
	at org.testng.remote.RemoteTestNG.initAndRun(RemoteTestNG.java:236)
	at org.testng.remote.RemoteTestNG.main(RemoteTestNG.java:81)
</pre></div></td>
<td>0</td>
<td>com.napa.online.testcases.SearchProductTest@1d119efb</td></tr>
</table><p>
</body>
</html>