<?xml version="1.0" encoding="UTF-8"?>
<!-- Generated by org.testng.reporters.JUnitXMLReporter -->
<testsuite hostname="D3DTYPC2" name="RegMultiQtySingleItemROLTest" tests="8" failures="1" timestamp="4 Dec 2016 17:13:56 GMT" time="1131.377" errors="0">
  <testcase name="doLogin" time="54.459" classname="com.napa.online.testcases.LoginTest"/>
  <testcase name="doLogin" time="0.0" classname="com.napa.online.testcases.LoginTest">
    <skipped/>
  </testcase> <!-- doLogin -->
  <testcase name="testSearchProduct" time="9.911" classname="com.napa.online.testcases.SearchProductTest"/>
  <testcase name="testSearchProduct" time="0.0" classname="com.napa.online.testcases.SearchProductTest">
    <skipped/>
  </testcase> <!-- testSearchProduct -->
  <testcase name="Guest_Select_Part_MMTE_Veh_Store_Header_ROL_Order" time="224.941" classname="com.napa.online.testcases.GuestUserROLTest"/>
  <testcase name="Guest_Cart_Merge_ROL_Order" time="453.904" classname="com.napa.online.testcases.RegisteredCartMergeROLTest"/>
  <testcase name="Reg_Multi_Qty_Single_Item_ROL_Order" time="267.38" classname="com.napa.online.testcases.RegMultiQtySingleItemROLTest"/>
  <testcase name="Reg_Single_Qty_Single_Item_BOL_Order" time="112.566" classname="com.napa.online.testcases.RegSingleQtySingleItemBOLTest">
    <failure type="java.lang.AssertionError" message="null">
      <![CDATA[java.lang.AssertionError: null
	at com.napa.online.pages.BuyOnlineAtcPage.clickAddToCart(BuyOnlineAtcPage.java:54)
	at com.napa.online.testcases.RegSingleQtySingleItemBOLTest.Reg_Single_Qty_Single_Item_BOL_Order(RegSingleQtySingleItemBOLTest.java:283)
... Removed 26 stack frames]]>
    </failure>
  </testcase> <!-- Reg_Single_Qty_Single_Item_BOL_Order -->
</testsuite> <!-- RegMultiQtySingleItemROLTest -->
